
> chatbot-divtec-porrentruy@0.0.0 dev
> vite


  VITE v6.3.6  ready in 335 ms

  ➜  Local:   http://localhost:5173/
  ➜  Network: use --host to expose
7:21:49 AM [vite] (client) ✨ new dependencies optimized: react/jsx-dev-runtime
7:21:49 AM [vite] (client) ✨ optimized dependencies changed. reloading
7:21:51 AM [vite] (client) page reload index.tsx
7:21:59 AM [vite] (client) page reload index.tsx
7:22:01 AM [vite] (client) page reload index.tsx
7:22:02 AM [vite] (client) page reload index.tsx
7:22:03 AM [vite] (client) page reload index.tsx
7:22:13 AM [vite] (client) page reload index.tsx
7:22:14 AM [vite] (client) page reload index.tsx
7:22:15 AM [vite] (client) page reload index.tsx
7:22:16 AM [vite] (client) page reload index.tsx
7:22:17 AM [vite] (client) page reload index.tsx
7:22:19 AM [vite] (client) page reload index.tsx
7:22:24 AM [vite] (client) page reload index.tsx
7:22:26 AM [vite] (client) page reload index.tsx
7:23:02 AM [vite] (client) page reload index.tsx
7:23:03 AM [vite] (client) page reload index.tsx
7:23:07 AM [vite] (client) page reload index.tsx
7:23:08 AM [vite] (client) page reload index.tsx
7:23:12 AM [vite] (client) page reload index.tsx
7:23:13 AM [vite] (client) page reload index.tsx
7:23:21 AM [vite] (client) page reload index.tsx
7:23:21 AM [vite] (client) page reload knowledge/index.ts
7:23:22 AM [vite] (client) page reload index.tsx
7:23:22 AM [vite] (client) page reload knowledge/index.ts
7:23:27 AM [vite] (client) page reload index.tsx
7:23:27 AM [vite] (client) page reload knowledge/index.ts
7:23:28 AM [vite] (client) page reload index.tsx
7:23:28 AM [vite] (client) page reload knowledge/index.ts
7:23:40 AM [vite] (client) page reload index.tsx
7:23:40 AM [vite] (client) page reload knowledge/index.ts
7:23:41 AM [vite] (client) page reload knowledge/divtec.ts
7:23:42 AM [vite] (client) page reload index.tsx
7:23:42 AM [vite] (client) page reload knowledge/divtec.ts
7:23:42 AM [vite] (client) page reload knowledge/index.ts
7:23:45 AM [vite] (client) page reload index.tsx
7:23:45 AM [vite] (client) page reload knowledge/divtec.ts
7:23:45 AM [vite] (client) page reload knowledge/index.ts
7:23:46 AM [vite] (client) page reload index.tsx
7:23:46 AM [vite] (client) page reload knowledge/divtec.ts
7:23:46 AM [vite] (client) page reload knowledge/index.ts
7:24:16 AM [vite] (client) page reload index.tsx
7:24:16 AM [vite] (client) page reload knowledge/divtec.ts
7:24:16 AM [vite] (client) page reload knowledge/index.ts
7:24:17 AM [vite] (client) page reload knowledge/formations.ts
7:24:18 AM [vite] (client) page reload index.tsx
7:24:18 AM [vite] (client) page reload knowledge/divtec.ts
7:24:18 AM [vite] (client) page reload knowledge/formations.ts
7:24:18 AM [vite] (client) page reload knowledge/index.ts
7:24:22 AM [vite] (client) page reload index.tsx
7:24:22 AM [vite] (client) page reload knowledge/divtec.ts
7:24:22 AM [vite] (client) page reload knowledge/formations.ts
7:24:22 AM [vite] (client) page reload knowledge/index.ts
7:24:23 AM [vite] (client) page reload index.tsx
7:24:23 AM [vite] (client) page reload knowledge/divtec.ts
7:24:23 AM [vite] (client) page reload knowledge/formations.ts
7:24:23 AM [vite] (client) page reload knowledge/index.ts
7:24:53 AM [vite] (client) page reload index.tsx
7:24:53 AM [vite] (client) page reload knowledge/divtec.ts
7:24:53 AM [vite] (client) page reload knowledge/formations.ts
7:24:53 AM [vite] (client) page reload knowledge/index.ts
7:24:53 AM [vite] (client) page reload knowledge/newtec.ts
7:24:55 AM [vite] (client) page reload index.tsx
7:24:55 AM [vite] (client) page reload knowledge/divtec.ts
7:24:55 AM [vite] (client) page reload knowledge/formations.ts
7:24:55 AM [vite] (client) page reload knowledge/index.ts
7:24:55 AM [vite] (client) page reload knowledge/newtec.ts
7:25:00 AM [vite] (client) page reload index.tsx
7:25:00 AM [vite] (client) page reload knowledge/divtec.ts
7:25:00 AM [vite] (client) page reload knowledge/formations.ts
7:25:00 AM [vite] (client) page reload knowledge/index.ts
7:25:00 AM [vite] (client) page reload knowledge/newtec.ts
7:25:02 AM [vite] (client) page reload index.tsx
7:25:02 AM [vite] (client) page reload knowledge/divtec.ts
7:25:02 AM [vite] (client) page reload knowledge/formations.ts
7:25:02 AM [vite] (client) page reload knowledge/index.ts
7:25:02 AM [vite] (client) page reload knowledge/newtec.ts
7:25:06 AM [vite] (client) page reload index.tsx
7:25:06 AM [vite] (client) page reload knowledge/divtec.ts
7:25:06 AM [vite] (client) page reload knowledge/formations.ts
7:25:06 AM [vite] (client) page reload knowledge/index.ts
7:25:06 AM [vite] (client) page reload knowledge/newtec.ts
7:25:07 AM [vite] (client) page reload index.tsx
7:25:07 AM [vite] (client) page reload knowledge/divtec.ts
7:25:07 AM [vite] (client) page reload knowledge/formations.ts
7:25:07 AM [vite] (client) page reload knowledge/index.ts
7:25:07 AM [vite] (client) page reload knowledge/newtec.ts
7:30:04 AM [vite] (client) page reload index.tsx
7:30:04 AM [vite] (client) page reload knowledge/divtec.ts
7:30:04 AM [vite] (client) page reload knowledge/formations.ts
7:30:04 AM [vite] (client) page reload knowledge/index.ts
7:30:04 AM [vite] (client) page reload knowledge/newtec.ts
7:30:07 AM [vite] (client) page reload index.tsx
7:30:07 AM [vite] (client) page reload knowledge/divtec.ts
7:30:07 AM [vite] (client) page reload knowledge/formations.ts
7:30:07 AM [vite] (client) page reload knowledge/index.ts
7:30:07 AM [vite] (client) page reload knowledge/newtec.ts
7:54:06 AM [vite] (client) page reload index.tsx
7:54:06 AM [vite] (client) page reload knowledge/divtec.ts
7:54:06 AM [vite] (client) page reload knowledge/formations.ts
7:54:06 AM [vite] (client) page reload knowledge/index.ts
7:54:06 AM [vite] (client) page reload knowledge/newtec.ts
7:54:19 AM [vite] (client) page reload index.tsx
7:54:19 AM [vite] (client) page reload knowledge/divtec.ts
7:54:19 AM [vite] (client) page reload knowledge/formations.ts
7:54:19 AM [vite] (client) page reload knowledge/index.ts
7:54:19 AM [vite] (client) page reload knowledge/newtec.ts
7:54:26 AM [vite] (client) page reload index.tsx
7:54:26 AM [vite] (client) page reload knowledge/divtec.ts
7:54:26 AM [vite] (client) page reload knowledge/formations.ts
7:54:26 AM [vite] (client) page reload knowledge/index.ts
7:54:26 AM [vite] (client) page reload knowledge/newtec.ts
7:54:28 AM [vite] (client) page reload index.tsx
7:54:28 AM [vite] (client) page reload knowledge/divtec.ts
7:54:28 AM [vite] (client) page reload knowledge/formations.ts
7:54:28 AM [vite] (client) page reload knowledge/index.ts
7:54:28 AM [vite] (client) page reload knowledge/newtec.ts
7:54:39 AM [vite] (client) page reload index.tsx
7:54:39 AM [vite] (client) page reload knowledge/divtec.ts
7:54:39 AM [vite] (client) page reload knowledge/formations.ts
7:54:39 AM [vite] (client) page reload knowledge/index.ts
7:54:39 AM [vite] (client) page reload knowledge/newtec.ts
7:54:40 AM [vite] vite.config.ts changed, restarting server...
7:54:40 AM [vite] (client) Re-optimizing dependencies because lockfile has changed
7:54:40 AM [vite] server restarted.
7:54:42 AM [vite] vite.config.ts changed, restarting server...
7:54:42 AM [vite] server restarted.
7:54:49 AM [vite] vite.config.ts changed, restarting server...
7:54:49 AM [vite] server restarted.
7:54:52 AM [vite] vite.config.ts changed, restarting server...
7:54:52 AM [vite] server restarted.
7:55:04 AM [vite] vite.config.ts changed, restarting server...
7:55:04 AM [vite] server restarted.
7:55:06 AM [vite] vite.config.ts changed, restarting server...
7:55:06 AM [vite] server restarted.
7:55:10 AM [vite] vite.config.ts changed, restarting server...
7:55:10 AM [vite] server restarted.
7:55:16 AM [vite] vite.config.ts changed, restarting server...
7:55:16 AM [vite] server restarted.
7:55:23 AM [vite] vite.config.ts changed, restarting server...
7:55:23 AM [vite] server restarted.
7:55:30 AM [vite] vite.config.ts changed, restarting server...
7:55:30 AM [vite] (client) Re-optimizing dependencies because lockfile has changed
7:55:30 AM [vite] server restarted.
7:55:36 AM [vite] vite.config.ts changed, restarting server...
7:55:36 AM [vite] server restarted.
7:55:43 AM [vite] vite.config.ts changed, restarting server...
7:55:43 AM [vite] server restarted.
7:55:58 AM [vite] vite.config.ts changed, restarting server...
7:55:58 AM [vite] server restarted.
7:56:01 AM [vite] vite.config.ts changed, restarting server...
7:56:01 AM [vite] server restarted.
7:56:05 AM [vite] vite.config.ts changed, restarting server...
7:56:05 AM [vite] server restarted.
7:56:10 AM [vite] vite.config.ts changed, restarting server...
7:56:10 AM [vite] server restarted.
7:56:24 AM [vite] vite.config.ts changed, restarting server...
7:56:24 AM [vite] server restarted.
7:56:27 AM [vite] vite.config.ts changed, restarting server...
7:56:27 AM [vite] server restarted.
7:56:37 AM [vite] vite.config.ts changed, restarting server...
7:56:37 AM [vite] server restarted.
7:56:42 AM [vite] vite.config.ts changed, restarting server...
7:56:42 AM [vite] server restarted.
7:57:29 AM [vite] vite.config.ts changed, restarting server...
7:57:29 AM [vite] server restarted.
7:57:32 AM [vite] vite.config.ts changed, restarting server...
7:57:32 AM [vite] server restarted.
7:57:37 AM [vite] vite.config.ts changed, restarting server...
7:57:37 AM [vite] server restarted.
7:57:42 AM [vite] vite.config.ts changed, restarting server...
7:57:42 AM [vite] server restarted.
7:57:56 AM [vite] vite.config.ts changed, restarting server...
7:57:56 AM [vite] server restarted.
7:57:59 AM [vite] vite.config.ts changed, restarting server...
7:57:59 AM [vite] server restarted.
7:58:12 AM [vite] vite.config.ts changed, restarting server...
7:58:12 AM [vite] server restarted.
7:58:17 AM [vite] vite.config.ts changed, restarting server...
7:58:17 AM [vite] server restarted.
7:58:26 AM [vite] vite.config.ts changed, restarting server...
7:58:26 AM [vite] server restarted.
7:58:29 AM [vite] vite.config.ts changed, restarting server...
7:58:29 AM [vite] server restarted.
7:58:33 AM [vite] vite.config.ts changed, restarting server...
7:58:33 AM [vite] server restarted.
7:58:39 AM [vite] vite.config.ts changed, restarting server...
7:58:39 AM [vite] server restarted.
7:59:21 AM [vite] vite.config.ts changed, restarting server...
7:59:21 AM [vite] server restarted.
7:59:24 AM [vite] vite.config.ts changed, restarting server...
7:59:24 AM [vite] server restarted.
7:59:30 AM [vite] vite.config.ts changed, restarting server...
7:59:30 AM [vite] server restarted.
7:59:31 AM [vite] vite.config.ts changed, restarting server...
7:59:31 AM [vite] server restarted.
9:22:27 AM [vite] (client) page reload index.html
9:22:29 AM [vite] (client) page reload index.html
9:22:44 AM [vite] (client) page reload index.html
9:22:46 AM [vite] (client) page reload index.html
9:22:51 AM [vite] (client) page reload index.html
9:22:55 AM [vite] (client) page reload index.html
9:23:05 AM [vite] (client) page reload index.html
9:23:07 AM [vite] (client) page reload index.html
9:23:12 AM [vite] (client) page reload index.html
9:23:14 AM [vite] (client) page reload index.html
9:23:20 AM [vite] (client) page reload index.html
9:23:23 AM [vite] (client) page reload index.html
9:23:32 AM [vite] (client) page reload index.html
9:23:34 AM [vite] (client) page reload index.html
9:23:44 AM [vite] (client) page reload index.html
9:23:47 AM [vite] (client) page reload index.html
9:23:53 AM [vite] (client) page reload index.html
9:23:55 AM [vite] (client) page reload index.html
9:24:08 AM [vite] (client) page reload index.html
9:24:11 AM [vite] (client) page reload index.html
9:24:18 AM [vite] (client) page reload index.html
9:24:21 AM [vite] (client) page reload index.html
9:24:36 AM [vite] (client) page reload index.html
9:24:45 AM [vite] changed tsconfig file detected: /app/tsconfig.json - Clearing cache and forcing full-reload to ensure TypeScript is compiled with updated config values.
9:31:22 AM [vite] changed tsconfig file detected: /app/tsconfig.json - Clearing cache and forcing full-reload to ensure TypeScript is compiled with updated config values.
9:31:22 AM [vite] (client) page reload index.html
9:31:38 AM [vite] changed tsconfig file detected: /app/tsconfig.json - Clearing cache and forcing full-reload to ensure TypeScript is compiled with updated config values.
9:31:38 AM [vite] (client) page reload index.html
9:31:50 AM [vite] changed tsconfig file detected: /app/tsconfig.json - Clearing cache and forcing full-reload to ensure TypeScript is compiled with updated config values.
9:31:50 AM [vite] (client) page reload index.html
9:32:02 AM [vite] changed tsconfig file detected: /app/tsconfig.json - Clearing cache and forcing full-reload to ensure TypeScript is compiled with updated config values.
9:32:02 AM [vite] (client) page reload index.html
9:32:06 AM [vite] changed tsconfig file detected: /app/tsconfig.json - Clearing cache and forcing full-reload to ensure TypeScript is compiled with updated config values.
9:32:06 AM [vite] (client) page reload index.html
9:32:20 AM [vite] changed tsconfig file detected: /app/tsconfig.json - Clearing cache and forcing full-reload to ensure TypeScript is compiled with updated config values.
9:32:21 AM [vite] (client) page reload index.html
9:32:25 AM [vite] changed tsconfig file detected: /app/tsconfig.json - Clearing cache and forcing full-reload to ensure TypeScript is compiled with updated config values.
9:32:25 AM [vite] (client) page reload index.html
9:32:31 AM [vite] changed tsconfig file detected: /app/tsconfig.json - Clearing cache and forcing full-reload to ensure TypeScript is compiled with updated config values.
9:32:31 AM [vite] (client) page reload index.html
9:32:37 AM [vite] changed tsconfig file detected: /app/tsconfig.json - Clearing cache and forcing full-reload to ensure TypeScript is compiled with updated config values.
9:32:37 AM [vite] (client) page reload index.html
9:32:51 AM [vite] changed tsconfig file detected: /app/tsconfig.json - Clearing cache and forcing full-reload to ensure TypeScript is compiled with updated config values.
9:32:51 AM [vite] (client) page reload index.html
9:32:55 AM [vite] changed tsconfig file detected: /app/tsconfig.json - Clearing cache and forcing full-reload to ensure TypeScript is compiled with updated config values.
9:32:55 AM [vite] (client) page reload index.html
9:33:08 AM [vite] changed tsconfig file detected: /app/tsconfig.json - Clearing cache and forcing full-reload to ensure TypeScript is compiled with updated config values.
9:33:08 AM [vite] (client) page reload index.html
9:33:13 AM [vite] changed tsconfig file detected: /app/tsconfig.json - Clearing cache and forcing full-reload to ensure TypeScript is compiled with updated config values.
9:33:13 AM [vite] (client) page reload index.html
9:33:19 AM [vite] changed tsconfig file detected: /app/tsconfig.json - Clearing cache and forcing full-reload to ensure TypeScript is compiled with updated config values.
9:33:19 AM [vite] (client) page reload index.html
9:33:23 AM [vite] changed tsconfig file detected: /app/tsconfig.json - Clearing cache and forcing full-reload to ensure TypeScript is compiled with updated config values.
9:33:23 AM [vite] (client) page reload index.html
9:33:34 AM [vite] changed tsconfig file detected: /app/tsconfig.json - Clearing cache and forcing full-reload to ensure TypeScript is compiled with updated config values.
9:33:34 AM [vite] (client) page reload index.html
9:33:39 AM [vite] (client) page reload index.html
9:33:39 AM [vite] changed tsconfig file detected: /app/tsconfig.json - Clearing cache and forcing full-reload to ensure TypeScript is compiled with updated config values.
9:33:53 AM [vite] changed tsconfig file detected: /app/tsconfig.json - Clearing cache and forcing full-reload to ensure TypeScript is compiled with updated config values.
9:33:53 AM [vite] (client) page reload index.html
9:33:59 AM [vite] changed tsconfig file detected: /app/tsconfig.json - Clearing cache and forcing full-reload to ensure TypeScript is compiled with updated config values.
9:33:59 AM [vite] (client) page reload index.html
9:34:12 AM [vite] changed tsconfig file detected: /app/tsconfig.json - Clearing cache and forcing full-reload to ensure TypeScript is compiled with updated config values.
9:34:12 AM [vite] (client) page reload index.html
9:34:16 AM [vite] (client) page reload index.html
9:34:16 AM [vite] changed tsconfig file detected: /app/tsconfig.json - Clearing cache and forcing full-reload to ensure TypeScript is compiled with updated config values.
9:34:28 AM [vite] changed tsconfig file detected: /app/tsconfig.json - Clearing cache and forcing full-reload to ensure TypeScript is compiled with updated config values.
9:34:29 AM [vite] (client) page reload index.html
9:34:33 AM [vite] changed tsconfig file detected: /app/tsconfig.json - Clearing cache and forcing full-reload to ensure TypeScript is compiled with updated config values.
9:34:33 AM [vite] (client) page reload index.html
9:34:45 AM [vite] changed tsconfig file detected: /app/tsconfig.json - Clearing cache and forcing full-reload to ensure TypeScript is compiled with updated config values.
9:34:45 AM [vite] (client) page reload index.html
9:34:50 AM [vite] (client) page reload index.html
9:34:50 AM [vite] changed tsconfig file detected: /app/tsconfig.json - Clearing cache and forcing full-reload to ensure TypeScript is compiled with updated config values.
9:34:58 AM [vite] changed tsconfig file detected: /app/tsconfig.json - Clearing cache and forcing full-reload to ensure TypeScript is compiled with updated config values.
9:34:58 AM [vite] (client) page reload index.html
9:35:04 AM [vite] changed tsconfig file detected: /app/tsconfig.json - Clearing cache and forcing full-reload to ensure TypeScript is compiled with updated config values.
9:35:04 AM [vite] (client) page reload index.html
9:35:12 AM [vite] changed tsconfig file detected: /app/tsconfig.json - Clearing cache and forcing full-reload to ensure TypeScript is compiled with updated config values.
9:35:12 AM [vite] (client) page reload index.html
9:35:17 AM [vite] changed tsconfig file detected: /app/tsconfig.json - Clearing cache and forcing full-reload to ensure TypeScript is compiled with updated config values.
9:35:17 AM [vite] (client) page reload index.html
9:35:23 AM [vite] changed tsconfig file detected: /app/tsconfig.json - Clearing cache and forcing full-reload to ensure TypeScript is compiled with updated config values.
9:35:23 AM [vite] (client) page reload index.html
9:35:27 AM [vite] changed tsconfig file detected: /app/tsconfig.json - Clearing cache and forcing full-reload to ensure TypeScript is compiled with updated config values.
9:35:27 AM [vite] (client) page reload index.html
9:35:39 AM [vite] changed tsconfig file detected: /app/tsconfig.json - Clearing cache and forcing full-reload to ensure TypeScript is compiled with updated config values.
9:35:40 AM [vite] (client) page reload index.html
9:35:45 AM [vite] changed tsconfig file detected: /app/tsconfig.json - Clearing cache and forcing full-reload to ensure TypeScript is compiled with updated config values.
9:35:45 AM [vite] (client) page reload index.html
9:36:06 AM [vite] changed tsconfig file detected: /app/tsconfig.json - Clearing cache and forcing full-reload to ensure TypeScript is compiled with updated config values.
9:36:06 AM [vite] (client) page reload index.html
9:36:10 AM [vite] changed tsconfig file detected: /app/tsconfig.json - Clearing cache and forcing full-reload to ensure TypeScript is compiled with updated config values.
9:36:11 AM [vite] (client) page reload index.html
9:36:24 AM [vite] changed tsconfig file detected: /app/tsconfig.json - Clearing cache and forcing full-reload to ensure TypeScript is compiled with updated config values.
9:36:24 AM [vite] (client) page reload index.html
9:36:24 AM [vite] vite.config.ts changed, restarting server...
9:36:24 AM [vite] (client) Re-optimizing dependencies because lockfile has changed
9:36:24 AM [vite] server restarted.
9:36:28 AM [vite] changed tsconfig file detected: /app/tsconfig.json - Clearing cache and forcing full-reload to ensure TypeScript is compiled with updated config values.
9:36:28 AM [vite] (client) page reload index.html
9:36:34 AM [vite] changed tsconfig file detected: /app/tsconfig.json - Clearing cache and forcing full-reload to ensure TypeScript is compiled with updated config values.
9:36:34 AM [vite] (client) page reload index.html
9:36:35 AM [vite] changed tsconfig file detected: /app/tsconfig.json - Clearing cache and forcing full-reload to ensure TypeScript is compiled with updated config values.
9:36:35 AM [vite] changed tsconfig file detected: /app/tsconfig.json - Clearing cache and forcing full-reload to ensure TypeScript is compiled with updated config values.
9:36:35 AM [vite] changed tsconfig file detected: /app/tsconfig.json - Clearing cache and forcing full-reload to ensure TypeScript is compiled with updated config values.
9:36:39 AM [vite] changed tsconfig file detected: /app/tsconfig.json - Clearing cache and forcing full-reload to ensure TypeScript is compiled with updated config values.
9:36:39 AM [vite] (client) page reload index.html
9:36:45 AM [vite] changed tsconfig file detected: /app/tsconfig.json - Clearing cache and forcing full-reload to ensure TypeScript is compiled with updated config values.
9:36:45 AM [vite] (client) page reload index.html
9:36:46 AM [vite] changed tsconfig file detected: /app/tsconfig.json - Clearing cache and forcing full-reload to ensure TypeScript is compiled with updated config values.
9:36:46 AM [vite] changed tsconfig file detected: /app/tsconfig.json - Clearing cache and forcing full-reload to ensure TypeScript is compiled with updated config values.
9:36:49 AM [vite] changed tsconfig file detected: /app/tsconfig.json - Clearing cache and forcing full-reload to ensure TypeScript is compiled with updated config values.
9:36:49 AM [vite] (client) page reload index.html
9:36:56 AM [vite] changed tsconfig file detected: /app/tsconfig.json - Clearing cache and forcing full-reload to ensure TypeScript is compiled with updated config values.
9:36:56 AM [vite] (client) page reload index.html
9:37:10 AM [vite] changed tsconfig file detected: /app/tsconfig.json - Clearing cache and forcing full-reload to ensure TypeScript is compiled with updated config values.
9:37:10 AM [vite] (client) page reload index.html
9:37:34 AM [vite] changed tsconfig file detected: /app/tsconfig.json - Clearing cache and forcing full-reload to ensure TypeScript is compiled with updated config values.
9:37:34 AM [vite] (client) page reload index.html
9:37:38 AM [vite] changed tsconfig file detected: /app/tsconfig.json - Clearing cache and forcing full-reload to ensure TypeScript is compiled with updated config values.
9:37:38 AM [vite] (client) page reload index.html
9:37:52 AM [vite] changed tsconfig file detected: /app/tsconfig.json - Clearing cache and forcing full-reload to ensure TypeScript is compiled with updated config values.
9:37:52 AM [vite] (client) page reload index.html
9:37:58 AM [vite] changed tsconfig file detected: /app/tsconfig.json - Clearing cache and forcing full-reload to ensure TypeScript is compiled with updated config values.
9:37:58 AM [vite] (client) page reload index.html
9:38:13 AM [vite] changed tsconfig file detected: /app/tsconfig.json - Clearing cache and forcing full-reload to ensure TypeScript is compiled with updated config values.
9:38:14 AM [vite] (client) page reload index.html
9:38:37 AM [vite] changed tsconfig file detected: /app/tsconfig.json - Clearing cache and forcing full-reload to ensure TypeScript is compiled with updated config values.
9:38:37 AM [vite] (client) page reload index.html
9:38:54 AM [vite] changed tsconfig file detected: /app/tsconfig.json - Clearing cache and forcing full-reload to ensure TypeScript is compiled with updated config values.
9:38:55 AM [vite] (client) page reload index.html
9:38:59 AM [vite] changed tsconfig file detected: /app/tsconfig.json - Clearing cache and forcing full-reload to ensure TypeScript is compiled with updated config values.
9:38:59 AM [vite] (client) page reload index.html
9:39:15 AM [vite] changed tsconfig file detected: /app/tsconfig.json - Clearing cache and forcing full-reload to ensure TypeScript is compiled with updated config values.
9:39:15 AM [vite] (client) page reload index.html
9:39:23 AM [vite] changed tsconfig file detected: /app/tsconfig.json - Clearing cache and forcing full-reload to ensure TypeScript is compiled with updated config values.
9:39:23 AM [vite] (client) page reload index.html
9:39:45 AM [vite] changed tsconfig file detected: /app/tsconfig.json - Clearing cache and forcing full-reload to ensure TypeScript is compiled with updated config values.
9:39:45 AM [vite] (client) page reload index.html
9:39:46 AM [vite] changed tsconfig file detected: /app/tsconfig.json - Clearing cache and forcing full-reload to ensure TypeScript is compiled with updated config values.
9:39:46 AM [vite] (client) page reload index.html
9:41:51 AM [vite] (client) page reload index.html
9:41:52 AM [vite] (client) page reload index.html
9:42:16 AM [vite] (client) page reload index.html
9:42:17 AM [vite] (client) page reload index.html
9:42:22 AM [vite] (client) page reload index.html
9:42:25 AM [vite] (client) page reload index.html
9:42:40 AM [vite] (client) page reload index.html
9:42:42 AM [vite] (client) page reload index.html
9:42:53 AM [vite] (client) page reload index.html
9:43:03 AM [vite] (client) page reload index.html
9:43:11 AM [vite] (client) page reload index.html
9:43:13 AM [vite] (client) page reload index.html
9:43:28 AM [vite] (client) page reload index.html
9:43:31 AM [vite] (client) page reload index.html
9:43:39 AM [vite] (client) page reload index.html
9:43:41 AM [vite] (client) page reload index.html
9:44:01 AM [vite] (client) page reload index.html
9:44:14 AM [vite] changed tsconfig file detected: /app/tsconfig.json - Clearing cache and forcing full-reload to ensure TypeScript is compiled with updated config values.
9:50:47 AM [vite] changed tsconfig file detected: /app/tsconfig.json - Clearing cache and forcing full-reload to ensure TypeScript is compiled with updated config values.
9:50:47 AM [vite] (client) page reload index.html
9:50:58 AM [vite] changed tsconfig file detected: /app/tsconfig.json - Clearing cache and forcing full-reload to ensure TypeScript is compiled with updated config values.
9:50:58 AM [vite] (client) page reload index.html
9:51:28 AM [vite] changed tsconfig file detected: /app/tsconfig.json - Clearing cache and forcing full-reload to ensure TypeScript is compiled with updated config values.
9:51:28 AM [vite] (client) page reload index.html
9:51:55 AM [vite] changed tsconfig file detected: /app/tsconfig.json - Clearing cache and forcing full-reload to ensure TypeScript is compiled with updated config values.
9:51:55 AM [vite] (client) page reload index.html
9:52:08 AM [vite] changed tsconfig file detected: /app/tsconfig.json - Clearing cache and forcing full-reload to ensure TypeScript is compiled with updated config values.
9:52:08 AM [vite] (client) page reload index.html
9:52:25 AM [vite] changed tsconfig file detected: /app/tsconfig.json - Clearing cache and forcing full-reload to ensure TypeScript is compiled with updated config values.
9:52:25 AM [vite] (client) page reload index.html
9:52:30 AM [vite] changed tsconfig file detected: /app/tsconfig.json - Clearing cache and forcing full-reload to ensure TypeScript is compiled with updated config values.
9:52:30 AM [vite] (client) page reload index.html
9:52:35 AM [vite] changed tsconfig file detected: /app/tsconfig.json - Clearing cache and forcing full-reload to ensure TypeScript is compiled with updated config values.
9:52:35 AM [vite] (client) page reload index.html
9:52:54 AM [vite] (client) page reload .next/export/404.html
9:52:54 AM [vite] (client) page reload .next/export/500.html
9:52:54 AM [vite] (client) page reload .next/export/404.html
9:52:54 AM [vite] (client) page reload .next/export/500.html
9:52:55 AM [vite] (client) page reload .next/export/index.html
9:52:55 AM [vite] (client) page reload .next/export/index.html
9:52:55 AM [vite] (client) page reload .next/server/pages/404.html
9:52:55 AM [vite] (client) page reload .next/server/pages/500.html
9:52:55 AM [vite] (client) page reload .next/server/pages/index.html
9:52:55 AM [vite] (client) page reload .next/export/404.html
9:52:55 AM [vite] (client) page reload .next/export/500.html
9:52:55 AM [vite] (client) page reload .next/export/index.html
9:53:05 AM [vite] (client) page reload .next/server/pages/404.html
9:53:05 AM [vite] (client) page reload .next/server/pages/500.html
9:53:05 AM [vite] (client) page reload .next/server/pages/index.html
9:53:10 AM [vite] changed tsconfig file detected: /app/tsconfig.json - Clearing cache and forcing full-reload to ensure TypeScript is compiled with updated config values.
9:53:10 AM [vite] (client) page reload index.html
9:54:41 AM [vite] changed tsconfig file detected: /app/tsconfig.json - Clearing cache and forcing full-reload to ensure TypeScript is compiled with updated config values.
9:54:41 AM [vite] (client) page reload index.html
